<?xml version="1.0" encoding="utf-8"?><testsuites name="pytest tests"><testsuite name="pytest" errors="0" failures="1" skipped="0" tests="25" time="5.095" timestamp="2026-06-20T13:01:21.447610+00:00" hostname="agent-env-f5f8c619-1b92-42ad-a6fe-a7acbd8db3c6"><testcase classname="backend.tests.test_green_groceries.TestAuth" name="test_admin_login" time="0.614" /><testcase classname="backend.tests.test_green_groceries.TestAuth" name="test_admin_login_bad_password" time="0.364" /><testcase classname="backend.tests.test_green_groceries.TestAuth" name="test_me_requires_auth" time="0.140" /><testcase classname="backend.tests.test_green_groceries.TestAuth" name="test_me_admin" time="0.414" /><testcase classname="backend.tests.test_green_groceries.TestAuth" name="test_register_short_password" time="0.117" /><testcase classname="backend.tests.test_green_groceries.TestAuth" name="test_register_duplicate_email" time="0.638" /><testcase classname="backend.tests.test_green_groceries.TestAuth" name="test_logout_clears_cookie" time="0.619" /><testcase classname="backend.tests.test_green_groceries.TestItems" name="test_seeded_items_exist" time="0.054" /><testcase classname="backend.tests.test_green_groceries.TestItems" name="test_hotel_can_list_items" time="0.054" /><testcase classname="backend.tests.test_green_groceries.TestItems" name="test_hotel_cannot_create_item" time="0.061" /><testcase classname="backend.tests.test_green_groceries.TestItems" name="test_admin_item_crud" time="0.536" /><testcase classname="backend.tests.test_green_groceries.TestItems" name="test_duplicate_item_name_rejected" time="0.051" /><testcase classname="backend.tests.test_green_groceries.TestOrders" name="test_hotel_places_order_and_sees_it" time="0.192" /><testcase classname="backend.tests.test_green_groceries.TestOrders" name="test_hotel_cannot_create_empty_order" time="0.051" /><testcase classname="backend.tests.test_green_groceries.TestOrders" name="test_admin_cannot_place_order" time="0.051" /><testcase classname="backend.tests.test_green_groceries.TestOrders" name="test_admin_updates_order_status" time="0.109" /><testcase classname="backend.tests.test_green_groceries.TestOrders" name="test_hotel_cannot_update_status" time="0.053" /><testcase classname="backend.tests.test_green_groceries.TestOrders" name="test_invalid_status_rejected" time="0.049" /><testcase classname="backend.tests.test_green_groceries.TestPurchaseSheet" name="test_admin_only" time="0.050" /><testcase classname="backend.tests.test_green_groceries.TestPurchaseSheet" name="test_single_date_aggregates" time="0.069" /><testcase classname="backend.tests.test_green_groceries.TestPurchaseSheet" name="test_date_range_aggregates" time="0.046" /><testcase classname="backend.tests.test_green_groceries.TestPurchaseSheet" name="test_export_csv" time="0.049" /><testcase classname="backend.tests.test_green_groceries.TestStatsHotels" name="test_stats_admin" time="0.049" /><testcase classname="backend.tests.test_green_groceries.TestStatsHotels" name="test_stats_hotel_denied" time="0.048" /><testcase classname="backend.tests.test_green_groceries.TestStatsHotels" name="test_hotels_admin" time="0.047"><failure message="AssertionError: assert 'TEST_hotel_ba23febe@test.com' in {'test_hotel_ba23febe@test.com'}&#10; +  where 'TEST_hotel_ba23febe@test.com' = &lt;requests.sessions.Session object at 0xfdfcf2fbfcd0&gt;.email">backend/tests/test_green_groceries.py:271: in test_hotels_admin
    assert hotel_session.email in emails
E   AssertionError: assert 'TEST_hotel_ba23febe@test.com' in {'test_hotel_ba23febe@test.com'}
E    +  where 'TEST_hotel_ba23febe@test.com' = &lt;requests.sessions.Session object at 0xfdfcf2fbfcd0&gt;.email</failure></testcase></testsuite></testsuites>